[0.363s] DEBUG:colcon:Command line arguments: ['/usr/bin/colcon', 'build', '--symlink-install']
[0.363s] DEBUG:colcon:Parsed command line arguments: Namespace(log_base=None, log_level=None, verb_name='build', build_base='build', install_base='install', merge_install=False, symlink_install=True, test_result_base=None, continue_on_error=False, executor='parallel', parallel_workers=6, event_handlers=None, ignore_user_meta=False, metas=['./colcon.meta'], base_paths=['.'], packages_ignore=None, packages_ignore_regex=None, paths=None, packages_up_to=None, packages_up_to_regex=None, packages_above=None, packages_above_and_dependencies=None, packages_above_depth=None, packages_select_by_dep=None, packages_skip_by_dep=None, packages_skip_up_to=None, packages_select_build_failed=False, packages_skip_build_finished=False, packages_select_test_failures=False, packages_skip_test_passed=False, packages_select=None, packages_skip=None, packages_select_regex=None, packages_skip_regex=None, packages_start=None, packages_end=None, allow_overriding=[], cmake_args=None, cmake_target=None, cmake_target_skip_unavailable=False, cmake_clean_cache=False, cmake_clean_first=False, cmake_force_configure=False, ament_cmake_args=None, catkin_cmake_args=None, catkin_skip_building_tests=False, mixin_files=None, mixin=None, verb_parser=<colcon_mixin.mixin.mixin_argument.MixinArgumentDecorator object at 0xffffaf875d80>, verb_extension=<colcon_core.verb.build.BuildVerb object at 0xffffaf8756c0>, main=<bound method BuildVerb.main of <colcon_core.verb.build.BuildVerb object at 0xffffaf8756c0>>, mixin_verb=('build',))
[0.844s] Level 1:colcon.colcon_core.package_discovery:discover_packages(colcon_meta) check parameters
[0.845s] Level 1:colcon.colcon_core.package_discovery:discover_packages(recursive) check parameters
[0.845s] Level 1:colcon.colcon_core.package_discovery:discover_packages(ignore) check parameters
[0.845s] Level 1:colcon.colcon_core.package_discovery:discover_packages(path) check parameters
[0.845s] Level 1:colcon.colcon_core.package_discovery:discover_packages(colcon_meta) discover
[0.845s] Level 1:colcon.colcon_core.package_discovery:discover_packages(recursive) discover
[0.846s] INFO:colcon.colcon_core.package_discovery:Crawling recursively for packages in '/home/spencer/arg'
[0.846s] Level 1:colcon.colcon_core.package_identification:_identify(.) by extensions ['ignore', 'ignore_ament_install']
[0.846s] Level 1:colcon.colcon_core.package_identification:_identify(.) by extension 'ignore'
[0.847s] Level 1:colcon.colcon_core.package_identification:_identify(.) by extension 'ignore_ament_install'
[0.847s] Level 1:colcon.colcon_core.package_identification:_identify(.) by extensions ['colcon_pkg']
[0.847s] Level 1:colcon.colcon_core.package_identification:_identify(.) by extension 'colcon_pkg'
[0.847s] Level 1:colcon.colcon_core.package_identification:_identify(.) by extensions ['colcon_meta']
[0.847s] Level 1:colcon.colcon_core.package_identification:_identify(.) by extension 'colcon_meta'
[0.847s] Level 1:colcon.colcon_core.package_identification:_identify(.) by extensions ['ros']
[0.847s] Level 1:colcon.colcon_core.package_identification:_identify(.) by extension 'ros'
[0.878s] Level 1:colcon.colcon_core.package_identification:_identify(.) by extensions ['cmake', 'python']
[0.879s] Level 1:colcon.colcon_core.package_identification:_identify(.) by extension 'cmake'
[0.879s] Level 1:colcon.colcon_core.package_identification:_identify(.) by extension 'python'
[0.879s] Level 1:colcon.colcon_core.package_identification:_identify(.) by extensions ['python_setup_py']
[0.879s] Level 1:colcon.colcon_core.package_identification:_identify(.) by extension 'python_setup_py'
[0.879s] Level 1:colcon.colcon_core.package_identification:_identify(build) by extensions ['ignore', 'ignore_ament_install']
[0.880s] Level 1:colcon.colcon_core.package_identification:_identify(build) by extension 'ignore'
[0.880s] Level 1:colcon.colcon_core.package_identification:_identify(build) ignored
[0.880s] Level 1:colcon.colcon_core.package_identification:_identify(install) by extensions ['ignore', 'ignore_ament_install']
[0.880s] Level 1:colcon.colcon_core.package_identification:_identify(install) by extension 'ignore'
[0.881s] Level 1:colcon.colcon_core.package_identification:_identify(install) ignored
[0.881s] Level 1:colcon.colcon_core.package_identification:_identify(log) by extensions ['ignore', 'ignore_ament_install']
[0.881s] Level 1:colcon.colcon_core.package_identification:_identify(log) by extension 'ignore'
[0.881s] Level 1:colcon.colcon_core.package_identification:_identify(log) ignored
[0.881s] Level 1:colcon.colcon_core.package_identification:_identify(ros2_tools) by extensions ['ignore', 'ignore_ament_install']
[0.882s] Level 1:colcon.colcon_core.package_identification:_identify(ros2_tools) by extension 'ignore'
[0.882s] Level 1:colcon.colcon_core.package_identification:_identify(ros2_tools) by extension 'ignore_ament_install'
[0.882s] Level 1:colcon.colcon_core.package_identification:_identify(ros2_tools) by extensions ['colcon_pkg']
[0.882s] Level 1:colcon.colcon_core.package_identification:_identify(ros2_tools) by extension 'colcon_pkg'
[0.882s] Level 1:colcon.colcon_core.package_identification:_identify(ros2_tools) by extensions ['colcon_meta']
[0.882s] Level 1:colcon.colcon_core.package_identification:_identify(ros2_tools) by extension 'colcon_meta'
[0.882s] Level 1:colcon.colcon_core.package_identification:_identify(ros2_tools) by extensions ['ros']
[0.882s] Level 1:colcon.colcon_core.package_identification:_identify(ros2_tools) by extension 'ros'
[0.883s] Level 1:colcon.colcon_core.package_identification:_identify(ros2_tools) by extensions ['cmake', 'python']
[0.883s] Level 1:colcon.colcon_core.package_identification:_identify(ros2_tools) by extension 'cmake'
[0.883s] Level 1:colcon.colcon_core.package_identification:_identify(ros2_tools) by extension 'python'
[0.883s] Level 1:colcon.colcon_core.package_identification:_identify(ros2_tools) by extensions ['python_setup_py']
[0.883s] Level 1:colcon.colcon_core.package_identification:_identify(ros2_tools) by extension 'python_setup_py'
[0.883s] Level 1:colcon.colcon_core.package_identification:_identify(ros2_tools/files) by extensions ['ignore', 'ignore_ament_install']
[0.884s] Level 1:colcon.colcon_core.package_identification:_identify(ros2_tools/files) by extension 'ignore'
[0.884s] Level 1:colcon.colcon_core.package_identification:_identify(ros2_tools/files) by extension 'ignore_ament_install'
[0.884s] Level 1:colcon.colcon_core.package_identification:_identify(ros2_tools/files) by extensions ['colcon_pkg']
[0.884s] Level 1:colcon.colcon_core.package_identification:_identify(ros2_tools/files) by extension 'colcon_pkg'
[0.884s] Level 1:colcon.colcon_core.package_identification:_identify(ros2_tools/files) by extensions ['colcon_meta']
[0.884s] Level 1:colcon.colcon_core.package_identification:_identify(ros2_tools/files) by extension 'colcon_meta'
[0.884s] Level 1:colcon.colcon_core.package_identification:_identify(ros2_tools/files) by extensions ['ros']
[0.884s] Level 1:colcon.colcon_core.package_identification:_identify(ros2_tools/files) by extension 'ros'
[0.885s] Level 1:colcon.colcon_core.package_identification:_identify(ros2_tools/files) by extensions ['cmake', 'python']
[0.885s] Level 1:colcon.colcon_core.package_identification:_identify(ros2_tools/files) by extension 'cmake'
[0.885s] Level 1:colcon.colcon_core.package_identification:_identify(ros2_tools/files) by extension 'python'
[0.885s] Level 1:colcon.colcon_core.package_identification:_identify(ros2_tools/files) by extensions ['python_setup_py']
[0.885s] Level 1:colcon.colcon_core.package_identification:_identify(ros2_tools/files) by extension 'python_setup_py'
[0.885s] Level 1:colcon.colcon_core.package_identification:_identify(src) by extensions ['ignore', 'ignore_ament_install']
[0.885s] Level 1:colcon.colcon_core.package_identification:_identify(src) by extension 'ignore'
[0.885s] Level 1:colcon.colcon_core.package_identification:_identify(src) by extension 'ignore_ament_install'
[0.886s] Level 1:colcon.colcon_core.package_identification:_identify(src) by extensions ['colcon_pkg']
[0.886s] Level 1:colcon.colcon_core.package_identification:_identify(src) by extension 'colcon_pkg'
[0.886s] Level 1:colcon.colcon_core.package_identification:_identify(src) by extensions ['colcon_meta']
[0.886s] Level 1:colcon.colcon_core.package_identification:_identify(src) by extension 'colcon_meta'
[0.886s] Level 1:colcon.colcon_core.package_identification:_identify(src) by extensions ['ros']
[0.886s] Level 1:colcon.colcon_core.package_identification:_identify(src) by extension 'ros'
[0.886s] Level 1:colcon.colcon_core.package_identification:_identify(src) by extensions ['cmake', 'python']
[0.886s] Level 1:colcon.colcon_core.package_identification:_identify(src) by extension 'cmake'
[0.887s] Level 1:colcon.colcon_core.package_identification:_identify(src) by extension 'python'
[0.887s] Level 1:colcon.colcon_core.package_identification:_identify(src) by extensions ['python_setup_py']
[0.887s] Level 1:colcon.colcon_core.package_identification:_identify(src) by extension 'python_setup_py'
[0.887s] Level 1:colcon.colcon_core.package_identification:_identify(src/air_scan_end_effector) by extensions ['ignore', 'ignore_ament_install']
[0.887s] Level 1:colcon.colcon_core.package_identification:_identify(src/air_scan_end_effector) by extension 'ignore'
[0.887s] Level 1:colcon.colcon_core.package_identification:_identify(src/air_scan_end_effector) by extension 'ignore_ament_install'
[0.887s] Level 1:colcon.colcon_core.package_identification:_identify(src/air_scan_end_effector) by extensions ['colcon_pkg']
[0.888s] Level 1:colcon.colcon_core.package_identification:_identify(src/air_scan_end_effector) by extension 'colcon_pkg'
[0.888s] Level 1:colcon.colcon_core.package_identification:_identify(src/air_scan_end_effector) by extensions ['colcon_meta']
[0.888s] Level 1:colcon.colcon_core.package_identification:_identify(src/air_scan_end_effector) by extension 'colcon_meta'
[0.888s] Level 1:colcon.colcon_core.package_identification:_identify(src/air_scan_end_effector) by extensions ['ros']
[0.888s] Level 1:colcon.colcon_core.package_identification:_identify(src/air_scan_end_effector) by extension 'ros'
[0.897s] DEBUG:colcon.colcon_core.package_identification:Package 'src/air_scan_end_effector' with type 'ros.ament_python' and name 'air_scan_end_effector'
[0.898s] Level 1:colcon.colcon_core.package_discovery:discover_packages(recursive) using defaults
[0.898s] Level 1:colcon.colcon_core.package_discovery:discover_packages(ignore) discover
[0.898s] Level 1:colcon.colcon_core.package_discovery:discover_packages(ignore) using defaults
[0.898s] Level 1:colcon.colcon_core.package_discovery:discover_packages(path) discover
[0.898s] Level 1:colcon.colcon_core.package_discovery:discover_packages(path) using defaults
[1.015s] Level 1:colcon.colcon_core.package_discovery:discover_packages(prefix_path) check parameters
[1.015s] Level 1:colcon.colcon_core.package_discovery:discover_packages(prefix_path) discover
[1.023s] DEBUG:colcon.colcon_installed_package_information.package_discovery:Found 1 installed packages in /home/spencer/arg/install
[1.025s] DEBUG:colcon.colcon_installed_package_information.package_discovery:Found 295 installed packages in /opt/ros/humble
[1.029s] Level 1:colcon.colcon_core.package_discovery:discover_packages(prefix_path) using defaults
[1.127s] Level 5:colcon.colcon_core.verb:set package 'air_scan_end_effector' build argument 'cmake_args' from command line to 'None'
[1.127s] Level 5:colcon.colcon_core.verb:set package 'air_scan_end_effector' build argument 'cmake_target' from command line to 'None'
[1.127s] Level 5:colcon.colcon_core.verb:set package 'air_scan_end_effector' build argument 'cmake_target_skip_unavailable' from command line to 'False'
[1.127s] Level 5:colcon.colcon_core.verb:set package 'air_scan_end_effector' build argument 'cmake_clean_cache' from command line to 'False'
[1.127s] Level 5:colcon.colcon_core.verb:set package 'air_scan_end_effector' build argument 'cmake_clean_first' from command line to 'False'
[1.128s] Level 5:colcon.colcon_core.verb:set package 'air_scan_end_effector' build argument 'cmake_force_configure' from command line to 'False'
[1.128s] Level 5:colcon.colcon_core.verb:set package 'air_scan_end_effector' build argument 'ament_cmake_args' from command line to 'None'
[1.128s] Level 5:colcon.colcon_core.verb:set package 'air_scan_end_effector' build argument 'catkin_cmake_args' from command line to 'None'
[1.128s] Level 5:colcon.colcon_core.verb:set package 'air_scan_end_effector' build argument 'catkin_skip_building_tests' from command line to 'False'
[1.128s] DEBUG:colcon.colcon_core.verb:Building package 'air_scan_end_effector' with the following arguments: {'ament_cmake_args': None, 'build_base': '/home/spencer/arg/build/air_scan_end_effector', 'catkin_cmake_args': None, 'catkin_skip_building_tests': False, 'cmake_args': None, 'cmake_clean_cache': False, 'cmake_clean_first': False, 'cmake_force_configure': False, 'cmake_target': None, 'cmake_target_skip_unavailable': False, 'install_base': '/home/spencer/arg/install/air_scan_end_effector', 'merge_install': False, 'path': '/home/spencer/arg/src/air_scan_end_effector', 'symlink_install': True, 'test_result_base': None}
[1.128s] INFO:colcon.colcon_core.executor:Executing jobs using 'parallel' executor
[1.132s] DEBUG:colcon.colcon_parallel_executor.executor.parallel:run_until_complete
[1.132s] INFO:colcon.colcon_ros.task.ament_python.build:Building ROS package in '/home/spencer/arg/src/air_scan_end_effector' with build type 'ament_python'
[1.133s] Level 1:colcon.colcon_core.shell:create_environment_hook('air_scan_end_effector', 'ament_prefix_path')
[1.143s] INFO:colcon.colcon_core.plugin_system:Skipping extension 'colcon_core.shell.bat': Not used on non-Windows systems
[1.144s] INFO:colcon.colcon_core.shell:Creating environment hook '/home/spencer/arg/install/air_scan_end_effector/share/air_scan_end_effector/hook/ament_prefix_path.ps1'
[1.147s] INFO:colcon.colcon_core.shell:Creating environment descriptor '/home/spencer/arg/install/air_scan_end_effector/share/air_scan_end_effector/hook/ament_prefix_path.dsv'
[1.149s] INFO:colcon.colcon_core.shell:Creating environment hook '/home/spencer/arg/install/air_scan_end_effector/share/air_scan_end_effector/hook/ament_prefix_path.sh'
[1.151s] INFO:colcon.colcon_core.shell:Skip shell extension 'powershell' for command environment: Not usable outside of PowerShell
[1.151s] DEBUG:colcon.colcon_core.shell:Skip shell extension 'dsv' for command environment
[1.825s] INFO:colcon.colcon_core.task.python.build:Building Python package in '/home/spencer/arg/src/air_scan_end_effector'
[1.827s] INFO:colcon.colcon_core.shell:Skip shell extension 'powershell' for command environment: Not usable outside of PowerShell
[1.827s] DEBUG:colcon.colcon_core.shell:Skip shell extension 'dsv' for command environment
[2.780s] DEBUG:colcon.colcon_core.event_handler.log_command:Invoking command in '/home/spencer/arg/build/air_scan_end_effector': PYTHONPATH=/home/spencer/arg/build/air_scan_end_effector/prefix_override:/usr/lib/python3/dist-packages/colcon_core/task/python/colcon_distutils_commands:/home/spencer/arg/install/air_scan_end_effector/lib/python3.10/site-packages:${PYTHONPATH} /usr/bin/python3 -W ignore:setup.py install is deprecated -W ignore:easy_install command is deprecated setup.py develop --editable --build-directory /home/spencer/arg/build/air_scan_end_effector/build --no-deps symlink_data
[3.959s] Level 1:colcon.colcon_core.shell:create_environment_hook('air_scan_end_effector', 'pythonpath_develop')
[3.961s] INFO:colcon.colcon_core.shell:Creating environment hook '/home/spencer/arg/build/air_scan_end_effector/share/air_scan_end_effector/hook/pythonpath_develop.ps1'
[3.963s] DEBUG:colcon.colcon_core.event_handler.log_command:Invoked command in '/home/spencer/arg/build/air_scan_end_effector' returned '0': PYTHONPATH=/home/spencer/arg/build/air_scan_end_effector/prefix_override:/usr/lib/python3/dist-packages/colcon_core/task/python/colcon_distutils_commands:/home/spencer/arg/install/air_scan_end_effector/lib/python3.10/site-packages:${PYTHONPATH} /usr/bin/python3 -W ignore:setup.py install is deprecated -W ignore:easy_install command is deprecated setup.py develop --editable --build-directory /home/spencer/arg/build/air_scan_end_effector/build --no-deps symlink_data
[3.965s] INFO:colcon.colcon_core.shell:Creating environment descriptor '/home/spencer/arg/build/air_scan_end_effector/share/air_scan_end_effector/hook/pythonpath_develop.dsv'
[3.967s] INFO:colcon.colcon_core.shell:Creating environment hook '/home/spencer/arg/build/air_scan_end_effector/share/air_scan_end_effector/hook/pythonpath_develop.sh'
[3.988s] Level 1:colcon.colcon_core.environment:checking '/home/spencer/arg/install/air_scan_end_effector' for CMake module files
[3.991s] Level 1:colcon.colcon_core.environment:checking '/home/spencer/arg/install/air_scan_end_effector' for CMake config files
[3.995s] Level 1:colcon.colcon_core.environment:checking '/home/spencer/arg/install/air_scan_end_effector/lib'
[3.996s] Level 1:colcon.colcon_core.environment:checking '/home/spencer/arg/install/air_scan_end_effector/bin'
[3.996s] Level 1:colcon.colcon_core.environment:checking '/home/spencer/arg/install/air_scan_end_effector/lib/pkgconfig/air_scan_end_effector.pc'
[3.998s] Level 1:colcon.colcon_core.environment:checking '/home/spencer/arg/install/air_scan_end_effector/lib/python3.10/site-packages'
[3.998s] Level 1:colcon.colcon_core.shell:create_environment_hook('air_scan_end_effector', 'pythonpath')
[3.999s] INFO:colcon.colcon_core.shell:Creating environment hook '/home/spencer/arg/install/air_scan_end_effector/share/air_scan_end_effector/hook/pythonpath.ps1'
[4.002s] INFO:colcon.colcon_core.shell:Creating environment descriptor '/home/spencer/arg/install/air_scan_end_effector/share/air_scan_end_effector/hook/pythonpath.dsv'
[4.004s] INFO:colcon.colcon_core.shell:Creating environment hook '/home/spencer/arg/install/air_scan_end_effector/share/air_scan_end_effector/hook/pythonpath.sh'
[4.006s] Level 1:colcon.colcon_core.environment:checking '/home/spencer/arg/install/air_scan_end_effector/bin'
[4.007s] Level 1:colcon.colcon_core.environment:create_environment_scripts_only(air_scan_end_effector)
[4.008s] INFO:colcon.colcon_core.shell:Creating package script '/home/spencer/arg/install/air_scan_end_effector/share/air_scan_end_effector/package.ps1'
[4.013s] INFO:colcon.colcon_core.shell:Creating package descriptor '/home/spencer/arg/install/air_scan_end_effector/share/air_scan_end_effector/package.dsv'
[4.017s] INFO:colcon.colcon_core.shell:Creating package script '/home/spencer/arg/install/air_scan_end_effector/share/air_scan_end_effector/package.sh'
[4.020s] INFO:colcon.colcon_core.shell:Creating package script '/home/spencer/arg/install/air_scan_end_effector/share/air_scan_end_effector/package.bash'
[4.024s] INFO:colcon.colcon_core.shell:Creating package script '/home/spencer/arg/install/air_scan_end_effector/share/air_scan_end_effector/package.zsh'
[4.029s] Level 1:colcon.colcon_core.environment:create_file_with_runtime_dependencies(/home/spencer/arg/install/air_scan_end_effector/share/colcon-core/packages/air_scan_end_effector)
[4.031s] DEBUG:colcon.colcon_parallel_executor.executor.parallel:closing loop
[4.033s] DEBUG:colcon.colcon_parallel_executor.executor.parallel:loop closed
[4.034s] DEBUG:colcon.colcon_parallel_executor.executor.parallel:run_until_complete finished with '0'
[4.034s] DEBUG:colcon.colcon_core.event_reactor:joining thread
[4.069s] INFO:colcon.colcon_core.plugin_system:Skipping extension 'colcon_notification.desktop_notification.terminal_notifier': Not used on non-Darwin systems
[4.070s] INFO:colcon.colcon_core.plugin_system:Skipping extension 'colcon_notification.desktop_notification.win32': Not used on non-Windows systems
[4.070s] INFO:colcon.colcon_notification.desktop_notification:Sending desktop notification using 'notify2'
[4.159s] DEBUG:colcon.colcon_core.event_reactor:joined thread
[4.160s] INFO:colcon.colcon_core.shell:Creating prefix script '/home/spencer/arg/install/local_setup.ps1'
[4.165s] INFO:colcon.colcon_core.shell:Creating prefix util module '/home/spencer/arg/install/_local_setup_util_ps1.py'
[4.171s] INFO:colcon.colcon_core.shell:Creating prefix chain script '/home/spencer/arg/install/setup.ps1'
[4.178s] INFO:colcon.colcon_core.shell:Creating prefix script '/home/spencer/arg/install/local_setup.sh'
[4.180s] INFO:colcon.colcon_core.shell:Creating prefix util module '/home/spencer/arg/install/_local_setup_util_sh.py'
[4.182s] INFO:colcon.colcon_core.shell:Creating prefix chain script '/home/spencer/arg/install/setup.sh'
[4.186s] INFO:colcon.colcon_core.shell:Creating prefix script '/home/spencer/arg/install/local_setup.bash'
[4.188s] INFO:colcon.colcon_core.shell:Creating prefix chain script '/home/spencer/arg/install/setup.bash'
[4.191s] INFO:colcon.colcon_core.shell:Creating prefix script '/home/spencer/arg/install/local_setup.zsh'
[4.194s] INFO:colcon.colcon_core.shell:Creating prefix chain script '/home/spencer/arg/install/setup.zsh'
