[1.546s] Invoking command in '/home/spencer/arg/build/air_scan_end_effector': PYTHONPATH=/home/spencer/arg/build/air_scan_end_effector/prefix_override:/usr/lib/python3/dist-packages/colcon_core/task/python/colcon_distutils_commands:/home/spencer/arg/install/air_scan_end_effector/lib/python3.10/site-packages:${PYTHONPATH} /usr/bin/python3 -W ignore:setup.py install is deprecated -W ignore:easy_install command is deprecated setup.py develop --uninstall --editable --build-directory /home/spencer/arg/build/air_scan_end_effector/build
[2.176s] running develop
[2.577s] Removing /home/spencer/arg/install/air_scan_end_effector/lib/python3.10/site-packages/air-scan-end-effector.egg-link (link to .)
[2.699s] Invoked command in '/home/spencer/arg/build/air_scan_end_effector' returned '0': PYTHONPATH=/home/spencer/arg/build/air_scan_end_effector/prefix_override:/usr/lib/python3/dist-packages/colcon_core/task/python/colcon_distutils_commands:/home/spencer/arg/install/air_scan_end_effector/lib/python3.10/site-packages:${PYTHONPATH} /usr/bin/python3 -W ignore:setup.py install is deprecated -W ignore:easy_install command is deprecated setup.py develop --uninstall --editable --build-directory /home/spencer/arg/build/air_scan_end_effector/build
[2.705s] Invoking command in '/home/spencer/arg/src/air_scan_end_effector': PYTHONPATH=/home/spencer/arg/build/air_scan_end_effector/prefix_override:/usr/lib/python3/dist-packages/colcon_core/task/python/colcon_distutils_commands:/home/spencer/arg/install/air_scan_end_effector/lib/python3.10/site-packages:${PYTHONPATH} /usr/bin/python3 -W ignore:setup.py install is deprecated -W ignore:easy_install command is deprecated setup.py egg_info --egg-base ../../build/air_scan_end_effector build --build-base /home/spencer/arg/build/air_scan_end_effector/build install --record /home/spencer/arg/build/air_scan_end_effector/install.log --single-version-externally-managed install_data --force
[3.297s] running egg_info
[3.298s] writing ../../build/air_scan_end_effector/air_scan_end_effector.egg-info/PKG-INFO
[3.299s] writing dependency_links to ../../build/air_scan_end_effector/air_scan_end_effector.egg-info/dependency_links.txt
[3.299s] writing entry points to ../../build/air_scan_end_effector/air_scan_end_effector.egg-info/entry_points.txt
[3.299s] writing requirements to ../../build/air_scan_end_effector/air_scan_end_effector.egg-info/requires.txt
[3.300s] writing top-level names to ../../build/air_scan_end_effector/air_scan_end_effector.egg-info/top_level.txt
[3.304s] reading manifest file '../../build/air_scan_end_effector/air_scan_end_effector.egg-info/SOURCES.txt'
[3.306s] writing manifest file '../../build/air_scan_end_effector/air_scan_end_effector.egg-info/SOURCES.txt'
[3.306s] running build
[3.307s] running build_py
[3.307s] creating /home/spencer/arg/build/air_scan_end_effector/build
[3.307s] creating /home/spencer/arg/build/air_scan_end_effector/build/lib
[3.308s] creating /home/spencer/arg/build/air_scan_end_effector/build/lib/air_scan_end_effector
[3.308s] copying air_scan_end_effector/air_scan_end_effector.py -> /home/spencer/arg/build/air_scan_end_effector/build/lib/air_scan_end_effector
[3.308s] copying air_scan_end_effector/serial_handler.py -> /home/spencer/arg/build/air_scan_end_effector/build/lib/air_scan_end_effector
[3.308s] copying air_scan_end_effector/test_commands.py -> /home/spencer/arg/build/air_scan_end_effector/build/lib/air_scan_end_effector
[3.308s] copying air_scan_end_effector/__init__.py -> /home/spencer/arg/build/air_scan_end_effector/build/lib/air_scan_end_effector
[3.309s] running install
[3.310s] running install_lib
[3.312s] creating /home/spencer/arg/install/air_scan_end_effector/lib/python3.10/site-packages/air_scan_end_effector
[3.312s] copying /home/spencer/arg/build/air_scan_end_effector/build/lib/air_scan_end_effector/air_scan_end_effector.py -> /home/spencer/arg/install/air_scan_end_effector/lib/python3.10/site-packages/air_scan_end_effector
[3.312s] copying /home/spencer/arg/build/air_scan_end_effector/build/lib/air_scan_end_effector/serial_handler.py -> /home/spencer/arg/install/air_scan_end_effector/lib/python3.10/site-packages/air_scan_end_effector
[3.313s] copying /home/spencer/arg/build/air_scan_end_effector/build/lib/air_scan_end_effector/test_commands.py -> /home/spencer/arg/install/air_scan_end_effector/lib/python3.10/site-packages/air_scan_end_effector
[3.313s] copying /home/spencer/arg/build/air_scan_end_effector/build/lib/air_scan_end_effector/__init__.py -> /home/spencer/arg/install/air_scan_end_effector/lib/python3.10/site-packages/air_scan_end_effector
[3.314s] byte-compiling /home/spencer/arg/install/air_scan_end_effector/lib/python3.10/site-packages/air_scan_end_effector/air_scan_end_effector.py to air_scan_end_effector.cpython-310.pyc
[3.316s] byte-compiling /home/spencer/arg/install/air_scan_end_effector/lib/python3.10/site-packages/air_scan_end_effector/serial_handler.py to serial_handler.cpython-310.pyc
[3.317s] byte-compiling /home/spencer/arg/install/air_scan_end_effector/lib/python3.10/site-packages/air_scan_end_effector/test_commands.py to test_commands.cpython-310.pyc
[3.318s] byte-compiling /home/spencer/arg/install/air_scan_end_effector/lib/python3.10/site-packages/air_scan_end_effector/__init__.py to __init__.cpython-310.pyc
[3.318s] running install_data
[3.318s] copying resource/air_scan_end_effector -> /home/spencer/arg/install/air_scan_end_effector/share/ament_index/resource_index/packages
[3.319s] copying package.xml -> /home/spencer/arg/install/air_scan_end_effector/share/air_scan_end_effector
[3.319s] copying launch/air_scan_end_effector.launch.py -> /home/spencer/arg/install/air_scan_end_effector/share/air_scan_end_effector/launch
[3.320s] copying config/params.yaml -> /home/spencer/arg/install/air_scan_end_effector/share/air_scan_end_effector/config
[3.320s] running install_egg_info
[3.327s] Copying ../../build/air_scan_end_effector/air_scan_end_effector.egg-info to /home/spencer/arg/install/air_scan_end_effector/lib/python3.10/site-packages/air_scan_end_effector-0.0.0-py3.10.egg-info
[3.330s] running install_scripts
[3.380s] Installing air_scan_driver script to /home/spencer/arg/install/air_scan_end_effector/lib/air_scan_end_effector
[3.381s] Installing test_commands script to /home/spencer/arg/install/air_scan_end_effector/lib/air_scan_end_effector
[3.382s] writing list of installed files to '/home/spencer/arg/build/air_scan_end_effector/install.log'
[3.488s] Invoked command in '/home/spencer/arg/src/air_scan_end_effector' returned '0': PYTHONPATH=/home/spencer/arg/build/air_scan_end_effector/prefix_override:/usr/lib/python3/dist-packages/colcon_core/task/python/colcon_distutils_commands:/home/spencer/arg/install/air_scan_end_effector/lib/python3.10/site-packages:${PYTHONPATH} /usr/bin/python3 -W ignore:setup.py install is deprecated -W ignore:easy_install command is deprecated setup.py egg_info --egg-base ../../build/air_scan_end_effector build --build-base /home/spencer/arg/build/air_scan_end_effector/build install --record /home/spencer/arg/build/air_scan_end_effector/install.log --single-version-externally-managed install_data --force
