/home/spencer/arg/install/air_scan_end_effector/lib/python3.10/site-packages/air_scan_end_effector/air_scan_end_effector.py
/home/spencer/arg/install/air_scan_end_effector/lib/python3.10/site-packages/air_scan_end_effector/serial_handler.py
/home/spencer/arg/install/air_scan_end_effector/lib/python3.10/site-packages/air_scan_end_effector/test_commands.py
/home/spencer/arg/install/air_scan_end_effector/lib/python3.10/site-packages/air_scan_end_effector/__init__.py
/home/spencer/arg/install/air_scan_end_effector/lib/python3.10/site-packages/air_scan_end_effector/__pycache__/air_scan_end_effector.cpython-310.pyc
/home/spencer/arg/install/air_scan_end_effector/lib/python3.10/site-packages/air_scan_end_effector/__pycache__/serial_handler.cpython-310.pyc
/home/spencer/arg/install/air_scan_end_effector/lib/python3.10/site-packages/air_scan_end_effector/__pycache__/test_commands.cpython-310.pyc
/home/spencer/arg/install/air_scan_end_effector/lib/python3.10/site-packages/air_scan_end_effector/__pycache__/__init__.cpython-310.pyc
/home/spencer/arg/install/air_scan_end_effector/share/ament_index/resource_index/packages/air_scan_end_effector
/home/spencer/arg/install/air_scan_end_effector/share/air_scan_end_effector/package.xml
/home/spencer/arg/install/air_scan_end_effector/share/air_scan_end_effector/launch/air_scan_end_effector.launch.py
/home/spencer/arg/install/air_scan_end_effector/share/air_scan_end_effector/config/params.yaml
/home/spencer/arg/install/air_scan_end_effector/lib/python3.10/site-packages/air_scan_end_effector-0.0.0-py3.10.egg-info/top_level.txt
/home/spencer/arg/install/air_scan_end_effector/lib/python3.10/site-packages/air_scan_end_effector-0.0.0-py3.10.egg-info/requires.txt
/home/spencer/arg/install/air_scan_end_effector/lib/python3.10/site-packages/air_scan_end_effector-0.0.0-py3.10.egg-info/SOURCES.txt
/home/spencer/arg/install/air_scan_end_effector/lib/python3.10/site-packages/air_scan_end_effector-0.0.0-py3.10.egg-info/entry_points.txt
/home/spencer/arg/install/air_scan_end_effector/lib/python3.10/site-packages/air_scan_end_effector-0.0.0-py3.10.egg-info/PKG-INFO
/home/spencer/arg/install/air_scan_end_effector/lib/python3.10/site-packages/air_scan_end_effector-0.0.0-py3.10.egg-info/zip-safe
/home/spencer/arg/install/air_scan_end_effector/lib/python3.10/site-packages/air_scan_end_effector-0.0.0-py3.10.egg-info/dependency_links.txt
/home/spencer/arg/install/air_scan_end_effector/lib/air_scan_end_effector/air_scan_driver
/home/spencer/arg/install/air_scan_end_effector/lib/air_scan_end_effector/test_commands
