[0.361s] DEBUG:colcon:Command line arguments: ['/usr/bin/colcon', 'build']
[0.362s] DEBUG:colcon:Parsed command line arguments: Namespace(log_base=None, log_level=None, verb_name='build', build_base='build', install_base='install', merge_install=False, symlink_install=False, test_result_base=None, continue_on_error=False, executor='parallel', parallel_workers=6, event_handlers=None, ignore_user_meta=False, metas=['./colcon.meta'], base_paths=['.'], packages_ignore=None, packages_ignore_regex=None, paths=None, packages_up_to=None, packages_up_to_regex=None, packages_above=None, packages_above_and_dependencies=None, packages_above_depth=None, packages_select_by_dep=None, packages_skip_by_dep=None, packages_skip_up_to=None, packages_select_build_failed=False, packages_skip_build_finished=False, packages_select_test_failures=False, packages_skip_test_passed=False, packages_select=None, packages_skip=None, packages_select_regex=None, packages_skip_regex=None, packages_start=None, packages_end=None, allow_overriding=[], cmake_args=None, cmake_target=None, cmake_target_skip_unavailable=False, cmake_clean_cache=False, cmake_clean_first=False, cmake_force_configure=False, ament_cmake_args=None, catkin_cmake_args=None, catkin_skip_building_tests=False, mixin_files=None, mixin=None, verb_parser=<colcon_mixin.mixin.mixin_argument.MixinArgumentDecorator object at 0xffff98791870>, verb_extension=<colcon_core.verb.build.BuildVerb object at 0xffff987911b0>, main=<bound method BuildVerb.main of <colcon_core.verb.build.BuildVerb object at 0xffff987911b0>>, mixin_verb=('build',))
[0.835s] Level 1:colcon.colcon_core.package_discovery:discover_packages(colcon_meta) check parameters
[0.836s] Level 1:colcon.colcon_core.package_discovery:discover_packages(recursive) check parameters
[0.836s] Level 1:colcon.colcon_core.package_discovery:discover_packages(ignore) check parameters
[0.836s] Level 1:colcon.colcon_core.package_discovery:discover_packages(path) check parameters
[0.836s] Level 1:colcon.colcon_core.package_discovery:discover_packages(colcon_meta) discover
[0.836s] Level 1:colcon.colcon_core.package_discovery:discover_packages(recursive) discover
[0.836s] INFO:colcon.colcon_core.package_discovery:Crawling recursively for packages in '/home/spencer/arg'
[0.837s] Level 1:colcon.colcon_core.package_identification:_identify(.) by extensions ['ignore', 'ignore_ament_install']
[0.837s] Level 1:colcon.colcon_core.package_identification:_identify(.) by extension 'ignore'
[0.837s] Level 1:colcon.colcon_core.package_identification:_identify(.) by extension 'ignore_ament_install'
[0.837s] Level 1:colcon.colcon_core.package_identification:_identify(.) by extensions ['colcon_pkg']
[0.837s] Level 1:colcon.colcon_core.package_identification:_identify(.) by extension 'colcon_pkg'
[0.837s] Level 1:colcon.colcon_core.package_identification:_identify(.) by extensions ['colcon_meta']
[0.838s] Level 1:colcon.colcon_core.package_identification:_identify(.) by extension 'colcon_meta'
[0.838s] Level 1:colcon.colcon_core.package_identification:_identify(.) by extensions ['ros']
[0.838s] Level 1:colcon.colcon_core.package_identification:_identify(.) by extension 'ros'
[0.867s] Level 1:colcon.colcon_core.package_identification:_identify(.) by extensions ['cmake', 'python']
[0.867s] Level 1:colcon.colcon_core.package_identification:_identify(.) by extension 'cmake'
[0.868s] Level 1:colcon.colcon_core.package_identification:_identify(.) by extension 'python'
[0.868s] Level 1:colcon.colcon_core.package_identification:_identify(.) by extensions ['python_setup_py']
[0.868s] Level 1:colcon.colcon_core.package_identification:_identify(.) by extension 'python_setup_py'
[0.868s] Level 1:colcon.colcon_core.package_identification:_identify(build) by extensions ['ignore', 'ignore_ament_install']
[0.869s] Level 1:colcon.colcon_core.package_identification:_identify(build) by extension 'ignore'
[0.869s] Level 1:colcon.colcon_core.package_identification:_identify(build) ignored
[0.869s] Level 1:colcon.colcon_core.package_identification:_identify(install) by extensions ['ignore', 'ignore_ament_install']
[0.869s] Level 1:colcon.colcon_core.package_identification:_identify(install) by extension 'ignore'
[0.869s] Level 1:colcon.colcon_core.package_identification:_identify(install) ignored
[0.870s] Level 1:colcon.colcon_core.package_identification:_identify(log) by extensions ['ignore', 'ignore_ament_install']
[0.870s] Level 1:colcon.colcon_core.package_identification:_identify(log) by extension 'ignore'
[0.870s] Level 1:colcon.colcon_core.package_identification:_identify(log) ignored
[0.870s] Level 1:colcon.colcon_core.package_identification:_identify(ros2_tools) by extensions ['ignore', 'ignore_ament_install']
[0.870s] Level 1:colcon.colcon_core.package_identification:_identify(ros2_tools) by extension 'ignore'
[0.871s] Level 1:colcon.colcon_core.package_identification:_identify(ros2_tools) by extension 'ignore_ament_install'
[0.871s] Level 1:colcon.colcon_core.package_identification:_identify(ros2_tools) by extensions ['colcon_pkg']
[0.871s] Level 1:colcon.colcon_core.package_identification:_identify(ros2_tools) by extension 'colcon_pkg'
[0.871s] Level 1:colcon.colcon_core.package_identification:_identify(ros2_tools) by extensions ['colcon_meta']
[0.871s] Level 1:colcon.colcon_core.package_identification:_identify(ros2_tools) by extension 'colcon_meta'
[0.871s] Level 1:colcon.colcon_core.package_identification:_identify(ros2_tools) by extensions ['ros']
[0.871s] Level 1:colcon.colcon_core.package_identification:_identify(ros2_tools) by extension 'ros'
[0.872s] Level 1:colcon.colcon_core.package_identification:_identify(ros2_tools) by extensions ['cmake', 'python']
[0.872s] Level 1:colcon.colcon_core.package_identification:_identify(ros2_tools) by extension 'cmake'
[0.872s] Level 1:colcon.colcon_core.package_identification:_identify(ros2_tools) by extension 'python'
[0.872s] Level 1:colcon.colcon_core.package_identification:_identify(ros2_tools) by extensions ['python_setup_py']
[0.872s] Level 1:colcon.colcon_core.package_identification:_identify(ros2_tools) by extension 'python_setup_py'
[0.872s] Level 1:colcon.colcon_core.package_identification:_identify(ros2_tools/files) by extensions ['ignore', 'ignore_ament_install']
[0.872s] Level 1:colcon.colcon_core.package_identification:_identify(ros2_tools/files) by extension 'ignore'
[0.873s] Level 1:colcon.colcon_core.package_identification:_identify(ros2_tools/files) by extension 'ignore_ament_install'
[0.873s] Level 1:colcon.colcon_core.package_identification:_identify(ros2_tools/files) by extensions ['colcon_pkg']
[0.873s] Level 1:colcon.colcon_core.package_identification:_identify(ros2_tools/files) by extension 'colcon_pkg'
[0.873s] Level 1:colcon.colcon_core.package_identification:_identify(ros2_tools/files) by extensions ['colcon_meta']
[0.873s] Level 1:colcon.colcon_core.package_identification:_identify(ros2_tools/files) by extension 'colcon_meta'
[0.873s] Level 1:colcon.colcon_core.package_identification:_identify(ros2_tools/files) by extensions ['ros']
[0.873s] Level 1:colcon.colcon_core.package_identification:_identify(ros2_tools/files) by extension 'ros'
[0.873s] Level 1:colcon.colcon_core.package_identification:_identify(ros2_tools/files) by extensions ['cmake', 'python']
[0.873s] Level 1:colcon.colcon_core.package_identification:_identify(ros2_tools/files) by extension 'cmake'
[0.874s] Level 1:colcon.colcon_core.package_identification:_identify(ros2_tools/files) by extension 'python'
[0.874s] Level 1:colcon.colcon_core.package_identification:_identify(ros2_tools/files) by extensions ['python_setup_py']
[0.874s] Level 1:colcon.colcon_core.package_identification:_identify(ros2_tools/files) by extension 'python_setup_py'
[0.874s] Level 1:colcon.colcon_core.package_identification:_identify(src) by extensions ['ignore', 'ignore_ament_install']
[0.874s] Level 1:colcon.colcon_core.package_identification:_identify(src) by extension 'ignore'
[0.874s] Level 1:colcon.colcon_core.package_identification:_identify(src) by extension 'ignore_ament_install'
[0.874s] Level 1:colcon.colcon_core.package_identification:_identify(src) by extensions ['colcon_pkg']
[0.875s] Level 1:colcon.colcon_core.package_identification:_identify(src) by extension 'colcon_pkg'
[0.875s] Level 1:colcon.colcon_core.package_identification:_identify(src) by extensions ['colcon_meta']
[0.875s] Level 1:colcon.colcon_core.package_identification:_identify(src) by extension 'colcon_meta'
[0.875s] Level 1:colcon.colcon_core.package_identification:_identify(src) by extensions ['ros']
[0.875s] Level 1:colcon.colcon_core.package_identification:_identify(src) by extension 'ros'
[0.875s] Level 1:colcon.colcon_core.package_identification:_identify(src) by extensions ['cmake', 'python']
[0.875s] Level 1:colcon.colcon_core.package_identification:_identify(src) by extension 'cmake'
[0.875s] Level 1:colcon.colcon_core.package_identification:_identify(src) by extension 'python'
[0.875s] Level 1:colcon.colcon_core.package_identification:_identify(src) by extensions ['python_setup_py']
[0.876s] Level 1:colcon.colcon_core.package_identification:_identify(src) by extension 'python_setup_py'
[0.876s] Level 1:colcon.colcon_core.package_identification:_identify(src/air_scan_end_effector) by extensions ['ignore', 'ignore_ament_install']
[0.876s] Level 1:colcon.colcon_core.package_identification:_identify(src/air_scan_end_effector) by extension 'ignore'
[0.876s] Level 1:colcon.colcon_core.package_identification:_identify(src/air_scan_end_effector) by extension 'ignore_ament_install'
[0.876s] Level 1:colcon.colcon_core.package_identification:_identify(src/air_scan_end_effector) by extensions ['colcon_pkg']
[0.876s] Level 1:colcon.colcon_core.package_identification:_identify(src/air_scan_end_effector) by extension 'colcon_pkg'
[0.876s] Level 1:colcon.colcon_core.package_identification:_identify(src/air_scan_end_effector) by extensions ['colcon_meta']
[0.877s] Level 1:colcon.colcon_core.package_identification:_identify(src/air_scan_end_effector) by extension 'colcon_meta'
[0.877s] Level 1:colcon.colcon_core.package_identification:_identify(src/air_scan_end_effector) by extensions ['ros']
[0.877s] Level 1:colcon.colcon_core.package_identification:_identify(src/air_scan_end_effector) by extension 'ros'
[0.885s] DEBUG:colcon.colcon_core.package_identification:Package 'src/air_scan_end_effector' with type 'ros.ament_python' and name 'air_scan_end_effector'
[0.886s] Level 1:colcon.colcon_core.package_discovery:discover_packages(recursive) using defaults
[0.886s] Level 1:colcon.colcon_core.package_discovery:discover_packages(ignore) discover
[0.886s] Level 1:colcon.colcon_core.package_discovery:discover_packages(ignore) using defaults
[0.886s] Level 1:colcon.colcon_core.package_discovery:discover_packages(path) discover
[0.886s] Level 1:colcon.colcon_core.package_discovery:discover_packages(path) using defaults
[1.018s] Level 1:colcon.colcon_core.package_discovery:discover_packages(prefix_path) check parameters
[1.018s] Level 1:colcon.colcon_core.package_discovery:discover_packages(prefix_path) discover
[1.026s] DEBUG:colcon.colcon_installed_package_information.package_discovery:Found 295 installed packages in /opt/ros/humble
[1.030s] Level 1:colcon.colcon_core.package_discovery:discover_packages(prefix_path) using defaults
[1.126s] Level 5:colcon.colcon_core.verb:set package 'air_scan_end_effector' build argument 'cmake_args' from command line to 'None'
[1.127s] Level 5:colcon.colcon_core.verb:set package 'air_scan_end_effector' build argument 'cmake_target' from command line to 'None'
[1.127s] Level 5:colcon.colcon_core.verb:set package 'air_scan_end_effector' build argument 'cmake_target_skip_unavailable' from command line to 'False'
[1.127s] Level 5:colcon.colcon_core.verb:set package 'air_scan_end_effector' build argument 'cmake_clean_cache' from command line to 'False'
[1.127s] Level 5:colcon.colcon_core.verb:set package 'air_scan_end_effector' build argument 'cmake_clean_first' from command line to 'False'
[1.127s] Level 5:colcon.colcon_core.verb:set package 'air_scan_end_effector' build argument 'cmake_force_configure' from command line to 'False'
[1.127s] Level 5:colcon.colcon_core.verb:set package 'air_scan_end_effector' build argument 'ament_cmake_args' from command line to 'None'
[1.127s] Level 5:colcon.colcon_core.verb:set package 'air_scan_end_effector' build argument 'catkin_cmake_args' from command line to 'None'
[1.127s] Level 5:colcon.colcon_core.verb:set package 'air_scan_end_effector' build argument 'catkin_skip_building_tests' from command line to 'False'
[1.127s] DEBUG:colcon.colcon_core.verb:Building package 'air_scan_end_effector' with the following arguments: {'ament_cmake_args': None, 'build_base': '/home/spencer/arg/build/air_scan_end_effector', 'catkin_cmake_args': None, 'catkin_skip_building_tests': False, 'cmake_args': None, 'cmake_clean_cache': False, 'cmake_clean_first': False, 'cmake_force_configure': False, 'cmake_target': None, 'cmake_target_skip_unavailable': False, 'install_base': '/home/spencer/arg/install/air_scan_end_effector', 'merge_install': False, 'path': '/home/spencer/arg/src/air_scan_end_effector', 'symlink_install': False, 'test_result_base': None}
[1.128s] INFO:colcon.colcon_core.executor:Executing jobs using 'parallel' executor
[1.131s] DEBUG:colcon.colcon_parallel_executor.executor.parallel:run_until_complete
[1.132s] INFO:colcon.colcon_ros.task.ament_python.build:Building ROS package in '/home/spencer/arg/src/air_scan_end_effector' with build type 'ament_python'
[1.132s] Level 1:colcon.colcon_core.shell:create_environment_hook('air_scan_end_effector', 'ament_prefix_path')
[1.142s] INFO:colcon.colcon_core.plugin_system:Skipping extension 'colcon_core.shell.bat': Not used on non-Windows systems
[1.143s] INFO:colcon.colcon_core.shell:Creating environment hook '/home/spencer/arg/install/air_scan_end_effector/share/air_scan_end_effector/hook/ament_prefix_path.ps1'
[1.145s] INFO:colcon.colcon_core.shell:Creating environment descriptor '/home/spencer/arg/install/air_scan_end_effector/share/air_scan_end_effector/hook/ament_prefix_path.dsv'
[1.147s] INFO:colcon.colcon_core.shell:Creating environment hook '/home/spencer/arg/install/air_scan_end_effector/share/air_scan_end_effector/hook/ament_prefix_path.sh'
[1.150s] INFO:colcon.colcon_core.shell:Skip shell extension 'powershell' for command environment: Not usable outside of PowerShell
[1.150s] DEBUG:colcon.colcon_core.shell:Skip shell extension 'dsv' for command environment
[1.815s] INFO:colcon.colcon_core.task.python.build:Building Python package in '/home/spencer/arg/src/air_scan_end_effector'
[1.816s] INFO:colcon.colcon_core.shell:Skip shell extension 'powershell' for command environment: Not usable outside of PowerShell
[1.816s] DEBUG:colcon.colcon_core.shell:Skip shell extension 'dsv' for command environment
[2.761s] DEBUG:colcon.colcon_core.event_handler.log_command:Invoking command in '/home/spencer/arg/build/air_scan_end_effector': PYTHONPATH=/home/spencer/arg/build/air_scan_end_effector/prefix_override:/usr/lib/python3/dist-packages/colcon_core/task/python/colcon_distutils_commands:/home/spencer/arg/install/air_scan_end_effector/lib/python3.10/site-packages:${PYTHONPATH} /usr/bin/python3 -W ignore:setup.py install is deprecated -W ignore:easy_install command is deprecated setup.py develop --uninstall --editable --build-directory /home/spencer/arg/build/air_scan_end_effector/build
[3.898s] DEBUG:colcon.colcon_core.event_handler.log_command:Invoked command in '/home/spencer/arg/build/air_scan_end_effector' returned '0': PYTHONPATH=/home/spencer/arg/build/air_scan_end_effector/prefix_override:/usr/lib/python3/dist-packages/colcon_core/task/python/colcon_distutils_commands:/home/spencer/arg/install/air_scan_end_effector/lib/python3.10/site-packages:${PYTHONPATH} /usr/bin/python3 -W ignore:setup.py install is deprecated -W ignore:easy_install command is deprecated setup.py develop --uninstall --editable --build-directory /home/spencer/arg/build/air_scan_end_effector/build
[3.903s] DEBUG:colcon.colcon_core.event_handler.log_command:Invoking command in '/home/spencer/arg/src/air_scan_end_effector': PYTHONPATH=/home/spencer/arg/build/air_scan_end_effector/prefix_override:/usr/lib/python3/dist-packages/colcon_core/task/python/colcon_distutils_commands:/home/spencer/arg/install/air_scan_end_effector/lib/python3.10/site-packages:${PYTHONPATH} /usr/bin/python3 -W ignore:setup.py install is deprecated -W ignore:easy_install command is deprecated setup.py egg_info --egg-base ../../build/air_scan_end_effector build --build-base /home/spencer/arg/build/air_scan_end_effector/build install --record /home/spencer/arg/build/air_scan_end_effector/install.log --single-version-externally-managed install_data --force
[4.671s] DEBUG:colcon.colcon_core.event_handler.log_command:Invoked command in '/home/spencer/arg/src/air_scan_end_effector' returned '0': PYTHONPATH=/home/spencer/arg/build/air_scan_end_effector/prefix_override:/usr/lib/python3/dist-packages/colcon_core/task/python/colcon_distutils_commands:/home/spencer/arg/install/air_scan_end_effector/lib/python3.10/site-packages:${PYTHONPATH} /usr/bin/python3 -W ignore:setup.py install is deprecated -W ignore:easy_install command is deprecated setup.py egg_info --egg-base ../../build/air_scan_end_effector build --build-base /home/spencer/arg/build/air_scan_end_effector/build install --record /home/spencer/arg/build/air_scan_end_effector/install.log --single-version-externally-managed install_data --force
[4.688s] Level 1:colcon.colcon_core.environment:checking '/home/spencer/arg/install/air_scan_end_effector' for CMake module files
[4.691s] Level 1:colcon.colcon_core.environment:checking '/home/spencer/arg/install/air_scan_end_effector' for CMake config files
[4.695s] Level 1:colcon.colcon_core.environment:checking '/home/spencer/arg/install/air_scan_end_effector/lib'
[4.696s] Level 1:colcon.colcon_core.environment:checking '/home/spencer/arg/install/air_scan_end_effector/bin'
[4.696s] Level 1:colcon.colcon_core.environment:checking '/home/spencer/arg/install/air_scan_end_effector/lib/pkgconfig/air_scan_end_effector.pc'
[4.697s] Level 1:colcon.colcon_core.environment:checking '/home/spencer/arg/install/air_scan_end_effector/lib/python3.10/site-packages'
[4.697s] Level 1:colcon.colcon_core.shell:create_environment_hook('air_scan_end_effector', 'pythonpath')
[4.699s] INFO:colcon.colcon_core.shell:Creating environment hook '/home/spencer/arg/install/air_scan_end_effector/share/air_scan_end_effector/hook/pythonpath.ps1'
[4.702s] INFO:colcon.colcon_core.shell:Creating environment descriptor '/home/spencer/arg/install/air_scan_end_effector/share/air_scan_end_effector/hook/pythonpath.dsv'
[4.703s] INFO:colcon.colcon_core.shell:Creating environment hook '/home/spencer/arg/install/air_scan_end_effector/share/air_scan_end_effector/hook/pythonpath.sh'
[4.705s] Level 1:colcon.colcon_core.environment:checking '/home/spencer/arg/install/air_scan_end_effector/bin'
[4.705s] Level 1:colcon.colcon_core.environment:create_environment_scripts_only(air_scan_end_effector)
[4.706s] INFO:colcon.colcon_core.shell:Creating package script '/home/spencer/arg/install/air_scan_end_effector/share/air_scan_end_effector/package.ps1'
[4.711s] INFO:colcon.colcon_core.shell:Creating package descriptor '/home/spencer/arg/install/air_scan_end_effector/share/air_scan_end_effector/package.dsv'
[4.714s] INFO:colcon.colcon_core.shell:Creating package script '/home/spencer/arg/install/air_scan_end_effector/share/air_scan_end_effector/package.sh'
[4.717s] INFO:colcon.colcon_core.shell:Creating package script '/home/spencer/arg/install/air_scan_end_effector/share/air_scan_end_effector/package.bash'
[4.723s] INFO:colcon.colcon_core.shell:Creating package script '/home/spencer/arg/install/air_scan_end_effector/share/air_scan_end_effector/package.zsh'
[4.728s] Level 1:colcon.colcon_core.environment:create_file_with_runtime_dependencies(/home/spencer/arg/install/air_scan_end_effector/share/colcon-core/packages/air_scan_end_effector)
[4.730s] DEBUG:colcon.colcon_parallel_executor.executor.parallel:closing loop
[4.731s] DEBUG:colcon.colcon_parallel_executor.executor.parallel:loop closed
[4.732s] DEBUG:colcon.colcon_parallel_executor.executor.parallel:run_until_complete finished with '0'
[4.733s] DEBUG:colcon.colcon_core.event_reactor:joining thread
[4.764s] INFO:colcon.colcon_core.plugin_system:Skipping extension 'colcon_notification.desktop_notification.terminal_notifier': Not used on non-Darwin systems
[4.765s] INFO:colcon.colcon_core.plugin_system:Skipping extension 'colcon_notification.desktop_notification.win32': Not used on non-Windows systems
[4.765s] INFO:colcon.colcon_notification.desktop_notification:Sending desktop notification using 'notify2'
[4.870s] DEBUG:colcon.colcon_core.event_reactor:joined thread
[4.871s] INFO:colcon.colcon_core.shell:Creating prefix script '/home/spencer/arg/install/local_setup.ps1'
[4.879s] INFO:colcon.colcon_core.shell:Creating prefix util module '/home/spencer/arg/install/_local_setup_util_ps1.py'
[4.887s] INFO:colcon.colcon_core.shell:Creating prefix chain script '/home/spencer/arg/install/setup.ps1'
[4.893s] INFO:colcon.colcon_core.shell:Creating prefix script '/home/spencer/arg/install/local_setup.sh'
[4.896s] INFO:colcon.colcon_core.shell:Creating prefix util module '/home/spencer/arg/install/_local_setup_util_sh.py'
[4.898s] INFO:colcon.colcon_core.shell:Creating prefix chain script '/home/spencer/arg/install/setup.sh'
[4.902s] INFO:colcon.colcon_core.shell:Creating prefix script '/home/spencer/arg/install/local_setup.bash'
[4.905s] INFO:colcon.colcon_core.shell:Creating prefix chain script '/home/spencer/arg/install/setup.bash'
[4.908s] INFO:colcon.colcon_core.shell:Creating prefix script '/home/spencer/arg/install/local_setup.zsh'
[4.911s] INFO:colcon.colcon_core.shell:Creating prefix chain script '/home/spencer/arg/install/setup.zsh'
