running egg_info
writing ../../build/air_scan_end_effector/air_scan_end_effector.egg-info/PKG-INFO
writing dependency_links to ../../build/air_scan_end_effector/air_scan_end_effector.egg-info/dependency_links.txt
writing entry points to ../../build/air_scan_end_effector/air_scan_end_effector.egg-info/entry_points.txt
writing requirements to ../../build/air_scan_end_effector/air_scan_end_effector.egg-info/requires.txt
writing top-level names to ../../build/air_scan_end_effector/air_scan_end_effector.egg-info/top_level.txt
reading manifest file '../../build/air_scan_end_effector/air_scan_end_effector.egg-info/SOURCES.txt'
writing manifest file '../../build/air_scan_end_effector/air_scan_end_effector.egg-info/SOURCES.txt'
running build
running build_py
running install
running install_lib
running install_data
running install_egg_info
removing '/home/spencer/arg/install/air_scan_end_effector/lib/python3.10/site-packages/air_scan_end_effector-0.0.0-py3.10.egg-info' (and everything under it)
Copying ../../build/air_scan_end_effector/air_scan_end_effector.egg-info to /home/spencer/arg/install/air_scan_end_effector/lib/python3.10/site-packages/air_scan_end_effector-0.0.0-py3.10.egg-info
running install_scripts
Installing air_scan_driver script to /home/spencer/arg/install/air_scan_end_effector/lib/air_scan_end_effector
Installing test_commands script to /home/spencer/arg/install/air_scan_end_effector/lib/air_scan_end_effector
writing list of installed files to '/home/spencer/arg/build/air_scan_end_effector/install.log'
