running develop
Removing /home/spencer/arg/install/air_scan_end_effector/lib/python3.10/site-packages/air-scan-end-effector.egg-link (link to .)
running egg_info
writing ../../build/air_scan_end_effector/air_scan_end_effector.egg-info/PKG-INFO
writing dependency_links to ../../build/air_scan_end_effector/air_scan_end_effector.egg-info/dependency_links.txt
writing entry points to ../../build/air_scan_end_effector/air_scan_end_effector.egg-info/entry_points.txt
writing requirements to ../../build/air_scan_end_effector/air_scan_end_effector.egg-info/requires.txt
writing top-level names to ../../build/air_scan_end_effector/air_scan_end_effector.egg-info/top_level.txt
reading manifest file '../../build/air_scan_end_effector/air_scan_end_effector.egg-info/SOURCES.txt'
writing manifest file '../../build/air_scan_end_effector/air_scan_end_effector.egg-info/SOURCES.txt'
running build
running build_py
copying air_scan_end_effector/air_scan_end_effector.py -> /home/spencer/arg/build/air_scan_end_effector/build/lib/air_scan_end_effector
copying air_scan_end_effector/test_commands.py -> /home/spencer/arg/build/air_scan_end_effector/build/lib/air_scan_end_effector
running install
running install_lib
creating /home/spencer/arg/install/air_scan_end_effector/lib/python3.10/site-packages/air_scan_end_effector
copying /home/spencer/arg/build/air_scan_end_effector/build/lib/air_scan_end_effector/air_scan_end_effector.py -> /home/spencer/arg/install/air_scan_end_effector/lib/python3.10/site-packages/air_scan_end_effector
copying /home/spencer/arg/build/air_scan_end_effector/build/lib/air_scan_end_effector/serial_handler.py -> /home/spencer/arg/install/air_scan_end_effector/lib/python3.10/site-packages/air_scan_end_effector
copying /home/spencer/arg/build/air_scan_end_effector/build/lib/air_scan_end_effector/test_commands.py -> /home/spencer/arg/install/air_scan_end_effector/lib/python3.10/site-packages/air_scan_end_effector
copying /home/spencer/arg/build/air_scan_end_effector/build/lib/air_scan_end_effector/__init__.py -> /home/spencer/arg/install/air_scan_end_effector/lib/python3.10/site-packages/air_scan_end_effector
byte-compiling /home/spencer/arg/install/air_scan_end_effector/lib/python3.10/site-packages/air_scan_end_effector/air_scan_end_effector.py to air_scan_end_effector.cpython-310.pyc
byte-compiling /home/spencer/arg/install/air_scan_end_effector/lib/python3.10/site-packages/air_scan_end_effector/serial_handler.py to serial_handler.cpython-310.pyc
byte-compiling /home/spencer/arg/install/air_scan_end_effector/lib/python3.10/site-packages/air_scan_end_effector/test_commands.py to test_commands.cpython-310.pyc
byte-compiling /home/spencer/arg/install/air_scan_end_effector/lib/python3.10/site-packages/air_scan_end_effector/__init__.py to __init__.cpython-310.pyc
running install_data
copying resource/air_scan_end_effector -> /home/spencer/arg/install/air_scan_end_effector/share/ament_index/resource_index/packages
copying package.xml -> /home/spencer/arg/install/air_scan_end_effector/share/air_scan_end_effector
copying launch/air_scan_end_effector.launch.py -> /home/spencer/arg/install/air_scan_end_effector/share/air_scan_end_effector/launch
copying config/params.yaml -> /home/spencer/arg/install/air_scan_end_effector/share/air_scan_end_effector/config
running install_egg_info
Copying ../../build/air_scan_end_effector/air_scan_end_effector.egg-info to /home/spencer/arg/install/air_scan_end_effector/lib/python3.10/site-packages/air_scan_end_effector-0.0.0-py3.10.egg-info
running install_scripts
Installing air_scan_driver script to /home/spencer/arg/install/air_scan_end_effector/lib/air_scan_end_effector
Installing test_commands script to /home/spencer/arg/install/air_scan_end_effector/lib/air_scan_end_effector
writing list of installed files to '/home/spencer/arg/build/air_scan_end_effector/install.log'
