[1.547s] Invoking command in '/home/spencer/arg/build/air_scan_end_effector': PYTHONPATH=/home/spencer/arg/build/air_scan_end_effector/prefix_override:/usr/lib/python3/dist-packages/colcon_core/task/python/colcon_distutils_commands:/home/spencer/arg/install/air_scan_end_effector/lib/python3.10/site-packages:${PYTHONPATH} /usr/bin/python3 -W ignore:setup.py install is deprecated -W ignore:easy_install command is deprecated setup.py develop --uninstall --editable --build-directory /home/spencer/arg/build/air_scan_end_effector/build
[2.190s] running develop
[2.590s] Removing /home/spencer/arg/install/air_scan_end_effector/lib/python3.10/site-packages/air-scan-end-effector.egg-link (link to .)
[2.710s] Invoked command in '/home/spencer/arg/build/air_scan_end_effector' returned '0': PYTHONPATH=/home/spencer/arg/build/air_scan_end_effector/prefix_override:/usr/lib/python3/dist-packages/colcon_core/task/python/colcon_distutils_commands:/home/spencer/arg/install/air_scan_end_effector/lib/python3.10/site-packages:${PYTHONPATH} /usr/bin/python3 -W ignore:setup.py install is deprecated -W ignore:easy_install command is deprecated setup.py develop --uninstall --editable --build-directory /home/spencer/arg/build/air_scan_end_effector/build
[2.716s] Invoking command in '/home/spencer/arg/src/air_scan_end_effector': PYTHONPATH=/home/spencer/arg/build/air_scan_end_effector/prefix_override:/usr/lib/python3/dist-packages/colcon_core/task/python/colcon_distutils_commands:/home/spencer/arg/install/air_scan_end_effector/lib/python3.10/site-packages:${PYTHONPATH} /usr/bin/python3 -W ignore:setup.py install is deprecated -W ignore:easy_install command is deprecated setup.py egg_info --egg-base ../../build/air_scan_end_effector build --build-base /home/spencer/arg/build/air_scan_end_effector/build install --record /home/spencer/arg/build/air_scan_end_effector/install.log --single-version-externally-managed install_data --force
[3.292s] running egg_info
[3.293s] writing ../../build/air_scan_end_effector/air_scan_end_effector.egg-info/PKG-INFO
[3.294s] writing dependency_links to ../../build/air_scan_end_effector/air_scan_end_effector.egg-info/dependency_links.txt
[3.294s] writing entry points to ../../build/air_scan_end_effector/air_scan_end_effector.egg-info/entry_points.txt
[3.295s] writing requirements to ../../build/air_scan_end_effector/air_scan_end_effector.egg-info/requires.txt
[3.295s] writing top-level names to ../../build/air_scan_end_effector/air_scan_end_effector.egg-info/top_level.txt
[3.300s] reading manifest file '../../build/air_scan_end_effector/air_scan_end_effector.egg-info/SOURCES.txt'
[3.302s] writing manifest file '../../build/air_scan_end_effector/air_scan_end_effector.egg-info/SOURCES.txt'
[3.302s] running build
[3.303s] running build_py
[3.303s] copying air_scan_end_effector/air_scan_end_effector.py -> /home/spencer/arg/build/air_scan_end_effector/build/lib/air_scan_end_effector
[3.303s] copying air_scan_end_effector/test_commands.py -> /home/spencer/arg/build/air_scan_end_effector/build/lib/air_scan_end_effector
[3.304s] running install
[3.305s] running install_lib
[3.307s] creating /home/spencer/arg/install/air_scan_end_effector/lib/python3.10/site-packages/air_scan_end_effector
[3.308s] copying /home/spencer/arg/build/air_scan_end_effector/build/lib/air_scan_end_effector/air_scan_end_effector.py -> /home/spencer/arg/install/air_scan_end_effector/lib/python3.10/site-packages/air_scan_end_effector
[3.308s] copying /home/spencer/arg/build/air_scan_end_effector/build/lib/air_scan_end_effector/serial_handler.py -> /home/spencer/arg/install/air_scan_end_effector/lib/python3.10/site-packages/air_scan_end_effector
[3.308s] copying /home/spencer/arg/build/air_scan_end_effector/build/lib/air_scan_end_effector/test_commands.py -> /home/spencer/arg/install/air_scan_end_effector/lib/python3.10/site-packages/air_scan_end_effector
[3.309s] copying /home/spencer/arg/build/air_scan_end_effector/build/lib/air_scan_end_effector/__init__.py -> /home/spencer/arg/install/air_scan_end_effector/lib/python3.10/site-packages/air_scan_end_effector
[3.309s] byte-compiling /home/spencer/arg/install/air_scan_end_effector/lib/python3.10/site-packages/air_scan_end_effector/air_scan_end_effector.py to air_scan_end_effector.cpython-310.pyc
[3.312s] byte-compiling /home/spencer/arg/install/air_scan_end_effector/lib/python3.10/site-packages/air_scan_end_effector/serial_handler.py to serial_handler.cpython-310.pyc
[3.312s] byte-compiling /home/spencer/arg/install/air_scan_end_effector/lib/python3.10/site-packages/air_scan_end_effector/test_commands.py to test_commands.cpython-310.pyc
[3.313s] byte-compiling /home/spencer/arg/install/air_scan_end_effector/lib/python3.10/site-packages/air_scan_end_effector/__init__.py to __init__.cpython-310.pyc
[3.314s] running install_data
[3.314s] copying resource/air_scan_end_effector -> /home/spencer/arg/install/air_scan_end_effector/share/ament_index/resource_index/packages
[3.315s] copying package.xml -> /home/spencer/arg/install/air_scan_end_effector/share/air_scan_end_effector
[3.315s] copying launch/air_scan_end_effector.launch.py -> /home/spencer/arg/install/air_scan_end_effector/share/air_scan_end_effector/launch
[3.315s] copying config/params.yaml -> /home/spencer/arg/install/air_scan_end_effector/share/air_scan_end_effector/config
[3.316s] running install_egg_info
[3.329s] Copying ../../build/air_scan_end_effector/air_scan_end_effector.egg-info to /home/spencer/arg/install/air_scan_end_effector/lib/python3.10/site-packages/air_scan_end_effector-0.0.0-py3.10.egg-info
[3.331s] running install_scripts
[3.382s] Installing air_scan_driver script to /home/spencer/arg/install/air_scan_end_effector/lib/air_scan_end_effector
[3.383s] Installing test_commands script to /home/spencer/arg/install/air_scan_end_effector/lib/air_scan_end_effector
[3.384s] writing list of installed files to '/home/spencer/arg/build/air_scan_end_effector/install.log'
[3.487s] Invoked command in '/home/spencer/arg/src/air_scan_end_effector' returned '0': PYTHONPATH=/home/spencer/arg/build/air_scan_end_effector/prefix_override:/usr/lib/python3/dist-packages/colcon_core/task/python/colcon_distutils_commands:/home/spencer/arg/install/air_scan_end_effector/lib/python3.10/site-packages:${PYTHONPATH} /usr/bin/python3 -W ignore:setup.py install is deprecated -W ignore:easy_install command is deprecated setup.py egg_info --egg-base ../../build/air_scan_end_effector build --build-base /home/spencer/arg/build/air_scan_end_effector/build install --record /home/spencer/arg/build/air_scan_end_effector/install.log --single-version-externally-managed install_data --force
